<?xml version="1.0" encoding="UTF-8"?>
<!-- Generated by org.testng.reporters.JUnitReportReporter -->
<testsuite hostname="DJ6274" name="eldt.Testcases.orderInquiryPage" tests="2" failures="0" timestamp="16 Nov 2017 09:58:50 GMT" time="22.188" errors="0">
  <testcase name="csvFile" time="19.278" classname="eldt.Testcases.orderInquiryPage"/>
  <testcase name="eldtLogin" time="2.910" classname="eldt.Testcases.orderInquiryPage"/>
</testsuite> <!-- eldt.Testcases.orderInquiryPage -->
