<?xml version="1.0" encoding="UTF-8"?>
<!-- Generated by org.testng.reporters.JUnitReportReporter -->
<testsuite hostname="DJ6274" name="eldt.Testcases.tseLicenseMatrixPage" tests="2" failures="0" timestamp="13 Nov 2017 08:05:14 GMT" time="19.312" errors="0">
  <testcase name="licenseMatrix" time="17.088" classname="eldt.Testcases.tseLicenseMatrixPage"/>
  <testcase name="eldtLogin" time="2.224" classname="eldt.Testcases.tseLicenseMatrixPage"/>
</testsuite> <!-- eldt.Testcases.tseLicenseMatrixPage -->
