<?xml version="1.0" encoding="UTF-8"?>
<!-- Generated by org.testng.reporters.JUnitReportReporter -->
<testsuite hostname="DJ6274" name="eldt.Testcases.searchCrossReferencePage" tests="2" failures="0" timestamp="15 Jan 2018 20:18:35 GMT" time="5.823" errors="0">
  <testcase name="referenceSearch" time="0.766" classname="eldt.Testcases.searchCrossReferencePage"/>
  <testcase name="eldtLogin" time="5.057" classname="eldt.Testcases.searchCrossReferencePage"/>
</testsuite> <!-- eldt.Testcases.searchCrossReferencePage -->
