<?xml version="1.0" encoding="UTF-8"?>
<!-- Generated by org.testng.reporters.JUnitReportReporter -->
<testsuite hostname="DJ6274" name="eldt.Testcases.VendorMappingTCs" tests="2" failures="0" timestamp="13 Nov 2017 08:05:14 GMT" time="21.496" errors="0">
  <testcase name="eldtLogin" time="9.141" classname="eldt.Testcases.VendorMappingTCs"/>
  <testcase name="vendorMappingXLS" time="12.355" classname="eldt.Testcases.VendorMappingTCs"/>
</testsuite> <!-- eldt.Testcases.VendorMappingTCs -->
