<?xml version="1.0" encoding="UTF-8"?>
<!-- Generated by org.testng.reporters.JUnitReportReporter -->
<testsuite hostname="DJ6274" name="eldt.Testcases.searchCountryRulesPage" tests="2" failures="0" timestamp="15 Nov 2017 12:03:48 GMT" time="3.921" errors="0">
  <testcase name="rulesSearch" time="1.212" classname="eldt.Testcases.searchCountryRulesPage"/>
  <testcase name="eldtLogin" time="2.709" classname="eldt.Testcases.searchCountryRulesPage"/>
</testsuite> <!-- eldt.Testcases.searchCountryRulesPage -->
