<?xml version="1.0" encoding="UTF-8"?>
<!-- Generated by org.testng.reporters.JUnitReportReporter -->
<testsuite hostname="DJ6274" name="basicTests.BasicTest" tests="1" failures="0" timestamp="16 Nov 2017 09:58:50 GMT" time="0.524" errors="0">
  <testcase name="verifysum" time="0.524" classname="basicTests.BasicTest"/>
</testsuite> <!-- basicTests.BasicTest -->
