<?xml version="1.0" encoding="UTF-8"?>
<!-- Generated by org.testng.reporters.JUnitReportReporter -->
<testsuite hostname="DJ6274" name="eldt.Testcases.searchCountryRulesPage" tests="2" failures="0" timestamp="3 Nov 2017 10:21:46 GMT" time="8.718" errors="0">
  <testcase name="rulesSearch" time="4.517" classname="eldt.Testcases.searchCountryRulesPage"/>
  <testcase name="eldtLogin" time="4.201" classname="eldt.Testcases.searchCountryRulesPage"/>
</testsuite> <!-- eldt.Testcases.searchCountryRulesPage -->
