<?xml version="1.0" encoding="UTF-8"?>
<!-- Generated by org.testng.reporters.JUnitReportReporter -->
<testsuite hostname="DJ6274" name="eldt.Testcases.eldtLoginPage2" tests="1" failures="0" timestamp="29 Aug 2017 10:08:15 GMT" time="5.460" errors="0">
  <testcase name="test_Home_Page_Appear_Correct" time="5.460" classname="eldt.Testcases.eldtLoginPage2"/>
</testsuite> <!-- eldt.Testcases.eldtLoginPage2 -->
