<?xml version="1.0" encoding="UTF-8"?>
<!-- Generated by org.testng.reporters.JUnitReportReporter -->
<testsuite hostname="DJ6274" name="eldt.Testcases.orderInquiryPage" tests="2" failures="0" timestamp="3 Nov 2017 10:21:46 GMT" time="20.445" errors="0">
  <testcase name="csvFile" time="17.927" classname="eldt.Testcases.orderInquiryPage"/>
  <testcase name="eldtLogin" time="2.518" classname="eldt.Testcases.orderInquiryPage"/>
</testsuite> <!-- eldt.Testcases.orderInquiryPage -->
