<?xml version="1.0" encoding="UTF-8"?>
<!-- Generated by org.testng.reporters.JUnitReportReporter -->
<testsuite hostname="DJ6274" name="SeleniumPackage.ReadCsvFiles" tests="1" failures="0" timestamp="22 Aug 2017 03:59:37 GMT" time="46.060" errors="0">
  <testcase name="orderInquiry" time="46.060" classname="SeleniumPackage.ReadCsvFiles"/>
</testsuite> <!-- SeleniumPackage.ReadCsvFiles -->
