<?xml version="1.0" encoding="UTF-8"?>
<!-- Generated by org.testng.reporters.JUnitReportReporter -->
<testsuite hostname="DJ6274" name="eldt.Testcases.tseLicenseMatrixPage" tests="2" failures="0" timestamp="3 Nov 2017 10:21:46 GMT" time="30.152" errors="0">
  <testcase name="eldtLogin" time="1.830" classname="eldt.Testcases.tseLicenseMatrixPage"/>
  <testcase name="licenseMatrix" time="28.322" classname="eldt.Testcases.tseLicenseMatrixPage"/>
</testsuite> <!-- eldt.Testcases.tseLicenseMatrixPage -->
