<?xml version="1.0" encoding="UTF-8"?>
<!-- Generated by org.testng.reporters.JUnitReportReporter -->
<testsuite hostname="DJ6274" name="eldt.Testcases.VendorMappingTCs" tests="2" failures="0" timestamp="3 Nov 2017 10:21:46 GMT" time="25.560" errors="0">
  <testcase name="eldtLogin" time="11.575" classname="eldt.Testcases.VendorMappingTCs"/>
  <testcase name="vendorMappingXLS" time="13.985" classname="eldt.Testcases.VendorMappingTCs"/>
</testsuite> <!-- eldt.Testcases.VendorMappingTCs -->
